<?xml version="1.0" encoding="UTF-8"?>
<testng-results ignored="0" total="1" passed="1" failed="0" skipped="0">
  <reporter-output>
  </reporter-output>
  <suite started-at="2024-12-09T07:18:43 IST" name="Suite" finished-at="2024-12-09T07:19:00 IST" duration-ms="16820">
    <groups>
    </groups>
    <test started-at="2024-12-09T07:18:43 IST" name="Test" finished-at="2024-12-09T07:19:00 IST" duration-ms="16820">
      <class name="com.OrangeHRM.RunnerScript.Admin.AdminSmokeTest">
        <test-method is-config="true" signature="BrowserSetup(java.lang.String)[pri:0, instance:com.OrangeHRM.RunnerScript.Admin.AdminSmokeTest@7d8704ef]" started-at="2024-12-09T07:18:43 IST" name="BrowserSetup" finished-at="2024-12-09T07:18:44 IST" duration-ms="695" status="PASS">
          <params>
            <param index="0">
              <value>
                <![CDATA[chrome]]>
              </value>
            </param>
          </params>
          <reporter-output>
          </reporter-output>
        </test-method> <!-- BrowserSetup -->
        <test-method is-config="true" signature="LaunchApplication(java.lang.String)[pri:0, instance:com.OrangeHRM.RunnerScript.Admin.AdminSmokeTest@7d8704ef]" started-at="2024-12-09T07:18:44 IST" name="LaunchApplication" finished-at="2024-12-09T07:18:53 IST" duration-ms="9206" status="PASS">
          <params>
            <param index="0">
              <value>
                <![CDATA[chrome]]>
              </value>
            </param>
          </params>
          <reporter-output>
          </reporter-output>
        </test-method> <!-- LaunchApplication -->
        <test-method signature="Enteradmn()[pri:0, instance:com.OrangeHRM.RunnerScript.Admin.AdminSmokeTest@7d8704ef]" started-at="2024-12-09T07:18:53 IST" name="Enteradmn" finished-at="2024-12-09T07:18:59 IST" duration-ms="5597" status="PASS">
          <reporter-output>
          </reporter-output>
        </test-method> <!-- Enteradmn -->
        <test-method is-config="true" signature="CloseApplication(org.testng.ITestResult)[pri:0, instance:com.OrangeHRM.RunnerScript.Admin.AdminSmokeTest@7d8704ef]" started-at="2024-12-09T07:18:59 IST" name="CloseApplication" finished-at="2024-12-09T07:19:00 IST" duration-ms="1274" status="PASS">
          <params>
            <param index="0">
              <value>
                <![CDATA[[TestResult name=Enteradmn status=SUCCESS method=AdminSmokeTest.Enteradmn()[pri:0, instance:com.OrangeHRM.RunnerScript.Admin.AdminSmokeTest@7d8704ef] output={null}]]]>
              </value>
            </param>
          </params>
          <reporter-output>
          </reporter-output>
        </test-method> <!-- CloseApplication -->
      </class> <!-- com.OrangeHRM.RunnerScript.Admin.AdminSmokeTest -->
    </test> <!-- Test -->
  </suite> <!-- Suite -->
</testng-results>
